\\misd-hs\students\2016\s\david stein\github\micompclub2016\compclubgame\compclubgame\debug\vc120.pdb
\\misd-hs\students\2016\s\david stein\github\micompclub2016\compclubgame\debug\compclubgame.pdb
\\misd-hs\students\2016\s\david stein\github\micompclub2016\compclubgame\compclubgame\debug\stdafx.obj
\\misd-hs\students\2016\s\david stein\github\micompclub2016\compclubgame\compclubgame\debug\ship.obj
\\misd-hs\students\2016\s\david stein\github\micompclub2016\compclubgame\compclubgame\debug\astroobj.obj
\\misd-hs\students\2016\s\david stein\github\micompclub2016\compclubgame\compclubgame\debug\compclubgame.obj
\\misd-hs\students\2016\s\david stein\github\micompclub2016\compclubgame\compclubgame\debug\galaxy.obj
\\misd-hs\students\2016\s\david stein\github\micompclub2016\compclubgame\compclubgame\debug\planet.obj
\\misd-hs\students\2016\s\david stein\github\micompclub2016\compclubgame\compclubgame\debug\player.obj
\\misd-hs\students\2016\s\david stein\github\micompclub2016\compclubgame\compclubgame\debug\quadrant.obj
\\misd-hs\students\2016\s\david stein\github\micompclub2016\compclubgame\compclubgame\debug\renderer.obj
\\misd-hs\students\2016\s\david stein\github\micompclub2016\compclubgame\compclubgame\debug\star.obj
\\misd-hs\students\2016\s\david stein\github\micompclub2016\compclubgame\compclubgame\debug\starcluster.obj
\\misd-hs\students\2016\s\david stein\github\micompclub2016\compclubgame\compclubgame\debug\compclubgame.pch
\\misd-hs\students\2016\s\david stein\github\micompclub2016\compclubgame\compclubgame\debug\vc120.idb
\\misd-hs\students\2016\s\david stein\github\micompclub2016\compclubgame\debug\compclubgame.exe
\\misd-hs\students\2016\s\david stein\github\micompclub2016\compclubgame\compclubgame\debug\compclubgame.tlog\cl.read.1.tlog
\\misd-hs\students\2016\s\david stein\github\micompclub2016\compclubgame\compclubgame\debug\compclubgame.tlog\cl.write.1.tlog
\\misd-hs\students\2016\s\david stein\github\micompclub2016\compclubgame\compclubgame\debug\compclubgame.tlog\cl.command.1.tlog
\\misd-hs\students\2016\s\david stein\github\micompclub2016\compclubgame\compclubgame\debug\compclubgame.tlog\link.read.1.tlog
\\misd-hs\students\2016\s\david stein\github\micompclub2016\compclubgame\compclubgame\debug\compclubgame.tlog\link.write.1.tlog
\\misd-hs\students\2016\s\david stein\github\micompclub2016\compclubgame\compclubgame\debug\compclubgame.tlog\link.command.1.tlog
