  Star.cpp
c:\users\david\documents\github\micompclub2016\compclubgame\compclubgame\planet.h(14): error C2146: syntax error : missing ';' before identifier 'par'
c:\users\david\documents\github\micompclub2016\compclubgame\compclubgame\planet.h(14): error C4430: missing type specifier - int assumed. Note: C++ does not support default-int
c:\users\david\documents\github\micompclub2016\compclubgame\compclubgame\planet.h(14): error C4430: missing type specifier - int assumed. Note: C++ does not support default-int
c:\users\david\documents\github\micompclub2016\compclubgame\compclubgame\planet.h(17): error C2061: syntax error : identifier 'Star'
c:\users\david\documents\github\micompclub2016\compclubgame\compclubgame\planet.h(18): error C2061: syntax error : identifier 'Star'
c:\users\david\documents\github\micompclub2016\compclubgame\compclubgame\planet.h(18): error C2535: 'Planet::Planet(int,int,double,double)' : member function already defined or declared
          c:\users\david\documents\github\micompclub2016\compclubgame\compclubgame\planet.h(17) : see declaration of 'Planet::Planet'
c:\users\david\documents\github\micompclub2016\compclubgame\compclubgame\star.cpp(25): warning C4018: '<' : signed/unsigned mismatch
  Planet.cpp
c:\users\david\documents\github\micompclub2016\compclubgame\compclubgame\star.h(10): error C2065: 'Planet' : undeclared identifier
c:\users\david\documents\github\micompclub2016\compclubgame\compclubgame\star.h(10): error C3203: 'pair' : unspecialized class template can't be used as a template argument for template parameter '_Ty', expected a real type
c:\users\david\documents\github\micompclub2016\compclubgame\compclubgame\star.h(10): error C2955: 'std::pair' : use of class template requires template argument list
          c:\program files (x86)\microsoft visual studio 10.0\vc\include\utility(173) : see declaration of 'std::pair'
c:\users\david\documents\github\micompclub2016\compclubgame\compclubgame\star.h(17): error C2061: syntax error : identifier 'Planet'
c:\users\david\documents\github\micompclub2016\compclubgame\compclubgame\planet.cpp(7): error C2512: 'Star' : no appropriate default constructor available
c:\users\david\documents\github\micompclub2016\compclubgame\compclubgame\planet.cpp(18): error C2512: 'Star' : no appropriate default constructor available
  CompClubGame.cpp
c:\users\david\documents\github\micompclub2016\compclubgame\compclubgame\star.h(10): error C2065: 'Planet' : undeclared identifier
c:\users\david\documents\github\micompclub2016\compclubgame\compclubgame\star.h(10): error C3203: 'pair' : unspecialized class template can't be used as a template argument for template parameter '_Ty', expected a real type
c:\users\david\documents\github\micompclub2016\compclubgame\compclubgame\star.h(10): error C2955: 'std::pair' : use of class template requires template argument list
          c:\program files (x86)\microsoft visual studio 10.0\vc\include\utility(173) : see declaration of 'std::pair'
c:\users\david\documents\github\micompclub2016\compclubgame\compclubgame\star.h(17): error C2061: syntax error : identifier 'Planet'
c:\users\david\documents\github\micompclub2016\compclubgame\compclubgame\compclubgame.cpp(15): error C2660: 'Star::addPlanet' : function does not take 2 arguments
c:\users\david\documents\github\micompclub2016\compclubgame\compclubgame\compclubgame.cpp(16): error C2660: 'Star::addPlanet' : function does not take 2 arguments
c:\users\david\documents\github\micompclub2016\compclubgame\compclubgame\compclubgame.cpp(17): error C2660: 'Star::addPlanet' : function does not take 2 arguments
c:\users\david\documents\github\micompclub2016\compclubgame\compclubgame\compclubgame.cpp(36): warning C4018: '<' : signed/unsigned mismatch
  Generating Code...
