\\misd-hs\students\2016\s\david stein\github\micompclub2016\compclubgame\compclubgame\release\vc120.pdb
\\misd-hs\students\2016\s\david stein\github\micompclub2016\compclubgame\release\compclubgame.pdb
\\misd-hs\students\2016\s\david stein\github\micompclub2016\compclubgame\compclubgame\release\stdafx.obj
\\misd-hs\students\2016\s\david stein\github\micompclub2016\compclubgame\compclubgame\release\starcluster.obj
\\misd-hs\students\2016\s\david stein\github\micompclub2016\compclubgame\compclubgame\release\star.obj
\\misd-hs\students\2016\s\david stein\github\micompclub2016\compclubgame\compclubgame\release\ship.obj
\\misd-hs\students\2016\s\david stein\github\micompclub2016\compclubgame\compclubgame\release\renderer.obj
\\misd-hs\students\2016\s\david stein\github\micompclub2016\compclubgame\compclubgame\release\quadrant.obj
\\misd-hs\students\2016\s\david stein\github\micompclub2016\compclubgame\compclubgame\release\player.obj
\\misd-hs\students\2016\s\david stein\github\micompclub2016\compclubgame\compclubgame\release\planet.obj
\\misd-hs\students\2016\s\david stein\github\micompclub2016\compclubgame\compclubgame\release\galaxy.obj
\\misd-hs\students\2016\s\david stein\github\micompclub2016\compclubgame\compclubgame\release\compclubgame.obj
\\misd-hs\students\2016\s\david stein\github\micompclub2016\compclubgame\compclubgame\release\astroobj.obj
\\misd-hs\students\2016\s\david stein\github\micompclub2016\compclubgame\compclubgame\release\compclubgame.pch
\\misd-hs\students\2016\s\david stein\github\micompclub2016\compclubgame\release\compclubgame.exe
\\misd-hs\students\2016\s\david stein\github\micompclub2016\compclubgame\compclubgame\release\compclubgame.tlog\cl.read.1.tlog
\\misd-hs\students\2016\s\david stein\github\micompclub2016\compclubgame\compclubgame\release\compclubgame.tlog\cl.write.1.tlog
\\misd-hs\students\2016\s\david stein\github\micompclub2016\compclubgame\compclubgame\release\compclubgame.tlog\cl.command.1.tlog
\\misd-hs\students\2016\s\david stein\github\micompclub2016\compclubgame\compclubgame\release\compclubgame.tlog\link.read.1.tlog
\\misd-hs\students\2016\s\david stein\github\micompclub2016\compclubgame\compclubgame\release\compclubgame.tlog\link.write.1.tlog
\\misd-hs\students\2016\s\david stein\github\micompclub2016\compclubgame\compclubgame\release\compclubgame.tlog\link.command.1.tlog
